{
  "stats": {
    "suites": 2,
    "tests": 4,
    "passes": 2,
    "pending": 0,
    "failures": 2,
    "start": "2022-08-07T06:51:05.850Z",
    "end": "2022-08-07T06:51:07.613Z",
    "duration": 1763,
    "testsRegistered": 4,
    "passPercent": 50,
    "pendingPercent": 0,
    "other": 0,
    "hasOther": false,
    "skipped": 0,
    "hasSkipped": false
  },
  "results": [
    {
      "uuid": "bf800b3b-21d0-48e6-b685-3b4e89f29dd6",
      "title": "",
      "fullFile": "",
      "file": "",
      "beforeHooks": [],
      "afterHooks": [],
      "tests": [],
      "suites": [
        {
          "uuid": "6cc05865-3724-4168-991e-4ec4acb43447",
          "title": "Post Trial Testing",
          "fullFile": "F:\\2022 Automation Test\\NodeJSAPITestAutomation\\WebServices\\postUser\\testScript",
          "file": "\\WebServices\\postUser\\testScript",
          "beforeHooks": [],
          "afterHooks": [],
          "tests": [
            {
              "title": "01",
              "fullTitle": "Post Trial Testing 01",
              "timedOut": false,
              "duration": 572,
              "state": "failed",
              "speed": null,
              "pass": false,
              "fail": true,
              "pending": false,
              "context": null,
              "code": "console.log(testData.testName);\nawait postUser.getToken(this, testData);",
              "err": {
                "message": "Error: Request failed with status code 422",
                "estack": "Error: Request failed with status code 422\n    at createError (node_modules\\axios\\lib\\core\\createError.js:16:15)\n    at settle (node_modules\\axios\\lib\\core\\settle.js:18:12)\n    at IncomingMessage.handleStreamEnd (node_modules\\axios\\lib\\adapters\\http.js:191:11)\n    at IncomingMessage.emit (node:events:539:35)\n    at endReadableNT (node:internal/streams/readable:1345:12)\n    at processTicksAndRejections (node:internal/process/task_queues:83:21)",
                "diff": null
              },
              "uuid": "c9120d34-a5d3-4d80-9a6e-e1b8381a1d76",
              "parentUUID": "6cc05865-3724-4168-991e-4ec4acb43447",
              "isHook": false,
              "skipped": false
            },
            {
              "title": "02",
              "fullTitle": "Post Trial Testing 02",
              "timedOut": false,
              "duration": 359,
              "state": "failed",
              "speed": null,
              "pass": false,
              "fail": true,
              "pending": false,
              "context": null,
              "code": "console.log(testData.testName);\nawait postUser.getToken(this, testData);",
              "err": {
                "message": "Error: Request failed with status code 422",
                "estack": "Error: Request failed with status code 422\n    at createError (node_modules\\axios\\lib\\core\\createError.js:16:15)\n    at settle (node_modules\\axios\\lib\\core\\settle.js:18:12)\n    at IncomingMessage.handleStreamEnd (node_modules\\axios\\lib\\adapters\\http.js:191:11)\n    at IncomingMessage.emit (node:events:539:35)\n    at endReadableNT (node:internal/streams/readable:1345:12)\n    at processTicksAndRejections (node:internal/process/task_queues:83:21)",
                "diff": null
              },
              "uuid": "4fd71662-780c-484d-a54c-1f68e1b6ac16",
              "parentUUID": "6cc05865-3724-4168-991e-4ec4acb43447",
              "isHook": false,
              "skipped": false
            }
          ],
          "suites": [],
          "passes": [],
          "failures": [
            "c9120d34-a5d3-4d80-9a6e-e1b8381a1d76",
            "4fd71662-780c-484d-a54c-1f68e1b6ac16"
          ],
          "pending": [],
          "skipped": [],
          "duration": 931,
          "root": false,
          "rootEmpty": false,
          "_timeout": 2000
        },
        {
          "uuid": "567bd8f1-8d4d-43fb-9f4f-10ba676147d2",
          "title": "Get Trial Testing",
          "fullFile": "F:\\2022 Automation Test\\NodeJSAPITestAutomation\\WebServices\\getUser\\testScript",
          "file": "\\WebServices\\getUser\\testScript",
          "beforeHooks": [],
          "afterHooks": [],
          "tests": [
            {
              "title": "01",
              "fullTitle": "Get Trial Testing 01",
              "timedOut": false,
              "duration": 425,
              "state": "passed",
              "speed": "slow",
              "pass": true,
              "fail": false,
              "pending": false,
              "context": null,
              "code": "console.log(testData);\n\nawait user.userlist(this, testData);",
              "err": {},
              "uuid": "e4ce15e4-2767-4eaf-ab1a-ce79d53e6bfb",
              "parentUUID": "567bd8f1-8d4d-43fb-9f4f-10ba676147d2",
              "isHook": false,
              "skipped": false
            },
            {
              "title": "02",
              "fullTitle": "Get Trial Testing 02",
              "timedOut": false,
              "duration": 387,
              "state": "passed",
              "speed": "slow",
              "pass": true,
              "fail": false,
              "pending": false,
              "context": null,
              "code": "console.log(testData);\n\nawait user.userlist(this, testData);",
              "err": {},
              "uuid": "97f794fa-e0c0-430d-add6-0e6bfe3b9a55",
              "parentUUID": "567bd8f1-8d4d-43fb-9f4f-10ba676147d2",
              "isHook": false,
              "skipped": false
            }
          ],
          "suites": [],
          "passes": [
            "e4ce15e4-2767-4eaf-ab1a-ce79d53e6bfb",
            "97f794fa-e0c0-430d-add6-0e6bfe3b9a55"
          ],
          "failures": [],
          "pending": [],
          "skipped": [],
          "duration": 812,
          "root": false,
          "rootEmpty": false,
          "_timeout": 2000
        }
      ],
      "passes": [],
      "failures": [],
      "pending": [],
      "skipped": [],
      "duration": 0,
      "root": true,
      "rootEmpty": true,
      "_timeout": 2000
    }
  ],
  "meta": {
    "mocha": {
      "version": "9.2.2"
    },
    "mochawesome": {
      "options": {
        "quiet": false,
        "reportFilename": "mochawesome",
        "saveHtml": true,
        "saveJson": true,
        "consoleReporter": "spec",
        "useInlineDiffs": false,
        "code": true
      },
      "version": "7.1.3"
    },
    "marge": {
      "options": null,
      "version": "6.2.0"
    }
  }
}