{
  "stats": {
    "suites": 1,
    "tests": 1,
    "passes": 1,
    "pending": 0,
    "failures": 0,
    "start": "2022-08-05T04:30:35.667Z",
    "end": "2022-08-05T04:30:36.913Z",
    "duration": 1246,
    "testsRegistered": 1,
    "passPercent": 100,
    "pendingPercent": 0,
    "other": 0,
    "hasOther": false,
    "skipped": 0,
    "hasSkipped": false
  },
  "results": [
    {
      "uuid": "223cf918-4c37-47b8-9300-34e3f49755fd",
      "title": "",
      "fullFile": "G:\\NodeJSAPIFramework\\test\\users.js",
      "file": "\\test\\users.js",
      "beforeHooks": [],
      "afterHooks": [],
      "tests": [],
      "suites": [
        {
          "uuid": "2e89d90b-8807-4bb8-8912-128439142944",
          "title": "Webserives Trial Testing",
          "fullFile": "G:\\NodeJSAPIFramework\\test\\users.js",
          "file": "\\test\\users.js",
          "beforeHooks": [],
          "afterHooks": [],
          "tests": [
            {
              "title": "01",
              "fullTitle": "Webserives Trial Testing 01",
              "timedOut": false,
              "duration": 1240,
              "state": "passed",
              "speed": "slow",
              "pass": true,
              "fail": false,
              "pending": false,
              "context": null,
              "code": "console.log(testData);\nuser.getToken(testData);",
              "err": {},
              "uuid": "4ec22de8-1f5f-4cc6-a9fb-592a719c1be3",
              "parentUUID": "2e89d90b-8807-4bb8-8912-128439142944",
              "isHook": false,
              "skipped": false
            }
          ],
          "suites": [],
          "passes": [
            "4ec22de8-1f5f-4cc6-a9fb-592a719c1be3"
          ],
          "failures": [],
          "pending": [],
          "skipped": [],
          "duration": 1240,
          "root": false,
          "rootEmpty": false,
          "_timeout": 2000
        }
      ],
      "passes": [],
      "failures": [],
      "pending": [],
      "skipped": [],
      "duration": 0,
      "root": true,
      "rootEmpty": true,
      "_timeout": 2000
    }
  ],
  "meta": {
    "mocha": {
      "version": "9.2.2"
    },
    "mochawesome": {
      "options": {
        "quiet": false,
        "reportFilename": "mochawesome",
        "saveHtml": true,
        "saveJson": true,
        "consoleReporter": "spec",
        "useInlineDiffs": false,
        "code": true
      },
      "version": "7.1.3"
    },
    "marge": {
      "options": null,
      "version": "6.2.0"
    }
  }
}